Arguments: 
  C:\Program Files\nodejs\node.exe C:\Users\stref\AppData\Roaming\npm\node_modules\yarn\bin\yarn.js install

PATH: 
  C:\Program Files (x86)\Common Files\Oracle\Java\javapath;C:\Python38\Scripts\;C:\Python38\;C:\Windows\system32;C:\Windows;C:\Windows\System32\Wbem;C:\Windows\System32\WindowsPowerShell\v1.0\;C:\Windows\System32\OpenSSH\;C:\Program Files\Git\cmd;C:\ProgramData\chocolatey\bin;C:\Program Files\nodejs\;C:\Program Files\PuTTY\;C:\Program Files\Docker\Docker\resources\bin;C:\ProgramData\DockerDesktop\version-bin;C:\instantclient_21_1;C:\Users\stref\AppData\Local\Microsoft\WindowsApps;C:\Users\stref\AppData\Local\Programs\Microsoft VS Code\bin;C:\Users\stref\AppData\Roaming\npm;C:\Users\stref\AppData\Local\GitHubDesktop\bin

Yarn version: 
  1.22.10

Node version: 
  14.10.0

Platform: 
  win32 x64

Trace: 
  Error: connect ECONNREFUSED 127.0.0.1:443
      at TCPConnectWrap.afterConnect [as oncomplete] (net.js:1145:16)

npm manifest: 
  {
    "main": "node_modules/expo/AppEntry.js",
    "scripts": {
      "start": "expo start",
      "android": "expo start --android",
      "ios": "expo start --ios",
      "web": "expo start --web",
      "eject": "expo eject"
    },
    "dependencies": {
      "expo": "~41.0.0",
      "expo-status-bar": "~1.0.4",
      "react": "16.13.1",
      "react-dom": "16.13.1",
      "react-native": "https://github.com/expo/react-native/archive/sdk-41.0.0.tar.gz",
      "react-native-web": "~0.13.12"
    },
    "devDependencies": {
      "@babel/core": "^7.9.0"
    },
    "private": true
  }

yarn manifest: 
  No manifest

Lockfile: 
  No lockfile
